MPASM  5.51             T4_MOTOR_DE_PASSO.ASM   12-10-2021  12:47:29         PAGE  1


LOC  OBJECT CODE     LINE SOURCE TEXT
  VALUE

                      00001 ;*************************************************************
                      00002 ; Motor de Passo                                                                   *
                      00003 ;                                                                                          *
                      00004 ; Autor: Davi Augusto Neves Leite                                  *                     
                      00005 ; RA: 191027383                                                            *                            
                                     
                      00006 ; Data: 10/12/2021                                                         *                            
                                     
                      00007 ;*************************************************************
                      00008 #include <p16f628a.inc>
                      00001         LIST
                      00002 
                      00003 ;==========================================================================
                      00004 ;  MPASM PIC16F628A processor include
                      00005 ; 
                      00006 ;  (c) Copyright 1999-2013 Microchip Technology, All rights reserved
                      00007 ;==========================================================================
                      00008 
                      00385         LIST
                      00009 ;-------------------------------------------------------------
                      00010 ; Configuração dos Bits
Warning[205]: Found directive in column 1. (__CONFIG)
2007   3F61           00011 __CONFIG _BODEN_ON & _CP_OFF & _PWRTE_ON & _WDT_OFF & _LVP_OFF & _MCLRE_ON & _XT_OSC
                      00012 ;-------------------------------------------------------------
                      00013 ;Configuração do endereço 0x25 para ser uma auxiliar do Timer
Warning[207]: Found label after column 1. (NUMBER_OF_TIMER)
  00000025            00014                         NUMBER_OF_TIMER         EQU 0x25
                      00015 ;-------------------------------------------------------------
                      00016 ;-------------------------------------------------------------
0000                  00017                         ORG 0x0000
0000   2834           00018                         GOTO INICIO        ;Vai para o bloco INICIO (main)
                      00019 ;-------------------------------------------------------------
                      00020 ;-------------------------------------------------------------
                      00021 ;Bloco da Rotina de Interrupção do TMR0
0004                  00022                         ORG 0x0004
                      00023                         
                      00024                         ;Nesta primeira etapa, reseta a flag do TMR0 e compara o valor do TMR0 com uma a
                            uxiliar que conta quantas vezes o PIC acionou a interrupção
0004   1283 1303      00025                         BANKSEL INTCON
0006   110B           00026                         BCF INTCON, T0IF
                      00027                         
0007   1283 1303      00028                         BANKSEL TMR0
0009   3083           00029                         MOVLW D'131'
000A   0081           00030                         MOVWF TMR0
000B   0BA5           00031                         DECFSZ NUMBER_OF_TIMER, 1       ;Subtrai o valor de F (TMR0) da auxiliar que con
                            ta quantas vezes o PIC acionou a interrupção (esperar até 1s)
000C   2812           00032                         GOTO FIM_T0                                     ;Retorna para o início
                      00033                         ;-------------------------------------------------------------
                      00034                         ;-------------------------------------------------------------
                      00035                         ;Reinicia a variável auxiliar que conta quantas vezes o PIC acionou a interrupçã
                            o
000D   307D           00036                         MOVLW D'125'
000E   00A5           00037                         MOVWF NUMBER_OF_TIMER
MPASM  5.51             T4_MOTOR_DE_PASSO.ASM   12-10-2021  12:47:29         PAGE  2


LOC  OBJECT CODE     LINE SOURCE TEXT
  VALUE

                      00038                         ;-------------------------------------------------------------
                      00039                         ;-------------------------------------------------------------
                      00040                         ;Ao chegar aqui, significa que passou um segundo (1000ms dado pela contagem de q
                            uantas interrupções de 8ms deu...)
                      00041                         ;Desta forma, realizar a rotação da variável auxiliar (AUX)
000F   1A06           00042                         BTFSC PORTB, 4          ;Verifica se o pino RB4 esta ativo
0010   2815           00043                         GOTO CONFIG_INICIAL_PORTB       ;Reiniciar o looping reconfigurando a PORTB se o
                             pino RB4 estiver ativo
0011   2813           00044                         GOTO ROTACAO_MOTOR              ;Rotina que move o valor da rotacao para a direi
                            ta (RB7 até RB4)
                      00045                         ;-------------------------------------------------------------
                      00046                         ;-------------------------------------------------------------
                      00047 
0012   0009           00048 FIM_T0: RETFIE
                      00049 ;-------------------------------------------------------------
                      00050 ;-------------------------------------------------------------
                      00051 ; Rotina de Rotação do Motor de Passo (por meio: mover um bit à direita)
0013                  00052 ROTACAO_MOTOR:
0013   0C86           00053                         RRF PORTB, 1    ;Move um bit à direita da PORTB
0014   0009           00054                         RETFIE
                      00055 ;-------------------------------------------------------------
                      00056 ;-------------------------------------------------------------
                      00057 ; Rotina para reconfigurar o PORTB para o valor inicial (causar looping setando a RB7 com 1 e as outras 
                            com 0)
0015                  00058 CONFIG_INICIAL_PORTB:
0015   3080           00059                         MOVLW B'10000000'
0016   0086           00060                         MOVWF PORTB
0017   0009           00061                         RETFIE
                      00062 ;-------------------------------------------------------------
                      00063 ;-------------------------------------------------------------
                      00064 ; Configuração do registrador OPTION_REG
0018                  00065 CONFIG_OPTIONREG:
0018   1683 1303      00066                          BANKSEL OPTION_REG
001A   3005           00067                          MOVLW B'00000101'
Message[302]: Register in operand not in bank 0.  Ensure that bank bits are correct.
001B   0081           00068                          MOVWF OPTION_REG
001C   2833           00069                          GOTO FIM_CONFIG
                      00070 ;-------------------------------------------------------------
                      00071 ;-------------------------------------------------------------
                      00072 ; Configuração do registrador INTCON
001D                  00073 CONFIG_INTCON:
001D   1283 1303      00074                          BANKSEL INTCON
001F   30A0           00075                          MOVLW B'10100000'
0020   008B           00076                          MOVWF INTCON
0021   2833           00077                          GOTO FIM_CONFIG
                      00078 ;-------------------------------------------------------------
                      00079 ;-------------------------------------------------------------
                      00080 ; Configuração do registrador TRISB (PORTB) para os LED's (OUTPUT)
0022                  00081 CONFIG_TRISB:
0022   1683 1303      00082                          BANKSEL TRISB
0024   3000           00083                          MOVLW B'00000000' ;Definindo RB7, RB6, RB5, RB4 como OUTPUT
Message[302]: Register in operand not in bank 0.  Ensure that bank bits are correct.
0025   0086           00084                          MOVWF TRISB
MPASM  5.51             T4_MOTOR_DE_PASSO.ASM   12-10-2021  12:47:29         PAGE  3


LOC  OBJECT CODE     LINE SOURCE TEXT
  VALUE

0026   2833           00085                          GOTO FIM_CONFIG
                      00086 ;-------------------------------------------------------------
                      00087 ;-------------------------------------------------------------
                      00088 ; Configuração inicial da PORTB
0027                  00089 CONFIG_PORTB:
0027   1283 1303      00090                          BANKSEL PORTB
0029   3080           00091                          MOVLW B'10000000'              ;Valor inicial da PORTB para o Motor de Passo...
002A   0086           00092                          MOVWF PORTB
                      00093                          
002B   2833           00094                          GOTO FIM_CONFIG
                      00095 ;-------------------------------------------------------------
                      00096 ;-------------------------------------------------------------
                      00097 ; Configuração do registrador TMR0 (Timer0) para 1s
002C                  00098 CONFIG_TMR0:
002C   1283 1303      00099                          BANKSEL TMR0
002E   3083           00100                          MOVLW D'131'
002F   0081           00101                          MOVWF TMR0                               ;Move o valor inicial 131 para o TMR0,
                             para fins de comparação com a auxiliar
                      00102                          
0030   307D           00103                          MOVLW D'125'
0031   00A5           00104                          MOVWF NUMBER_OF_TIMER  ;Move o valor 125 para a auxiliar que conta quantas veze
                            s o PIC acionou a interrupção
                      00105                          
0032   2833           00106                          GOTO FIM_CONFIG        
                      00107 ;-------------------------------------------------------------
                      00108 ;-------------------------------------------------------------
0033   0008           00109 FIM_CONFIG:     RETURN
                      00110 ;-------------------------------------------------------------
                      00111 ;-------------------------------------------------------------
0034                  00112 INICIO:
0034   2018           00113                 CALL CONFIG_OPTIONREG    ;Chama a sub-rotina de programar o OPTION_REG
0035   201D           00114                 CALL CONFIG_INTCON               ;Chama a sub-rotina de programar o INTCON
                      00115                 
0036   2022           00116                 CALL CONFIG_TRISB               ;Chama a sub-rotina de programar o TRISB
0037   2027           00117                 CALL CONFIG_PORTB               ;Chama a sub-rotina de programar o PORTB (Inicial)
                      00118                 
0038   202C           00119                 CALL CONFIG_TMR0                        ;Chama a sub-rotina de programar o TMR0
                      00120                 
0039   2839           00121                 GOTO $ ;O programa executa essa linha indefinidamente ficando “preso” na mesma. Porém a 
                            cada 8ms ele irá para o endereço 0x04 e retornar assim que encontrar o RETFIE. Ou seja, ele irá 
Warning[205]: Found directive in column 1. (END)
                      00122 END
MPASM  5.51             T4_MOTOR_DE_PASSO.ASM   12-10-2021  12:47:29         PAGE  4


SYMBOL TABLE
  LABEL                             VALUE 

ADDEN                             00000003
ADEN                              00000003
BRGH                              00000002
C                                 00000000
C1INV                             00000004
C1OUT                             00000006
C2INV                             00000005
C2OUT                             00000007
CCP1CON                           00000017
CCP1IE                            00000002
CCP1IF                            00000002
CCP1M0                            00000000
CCP1M1                            00000001
CCP1M2                            00000002
CCP1M3                            00000003
CCP1X                             00000005
CCP1Y                             00000004
CCPR1                             00000015
CCPR1H                            00000016
CCPR1L                            00000015
CIS                               00000003
CM0                               00000000
CM1                               00000001
CM2                               00000002
CMCON                             0000001F
CMIE                              00000006
CMIF                              00000006
CONFIG_INICIAL_PORTB              00000015
CONFIG_INTCON                     0000001D
CONFIG_OPTIONREG                  00000018
CONFIG_PORTB                      00000027
CONFIG_TMR0                       0000002C
CONFIG_TRISB                      00000022
CREN                              00000004
CSRC                              00000007
DATA_CP_OFF                       00003FFF
DATA_CP_ON                        00003EFF
DC                                00000001
EEADR                             0000009B
EECON1                            0000009C
EECON2                            0000009D
EEDATA                            0000009A
EEIE                              00000007
EEIF                              00000007
F                                 00000001
FERR                              00000002
FIM_CONFIG                        00000033
FIM_T0                            00000012
FSR                               00000004
GIE                               00000007
INDF                              00000000
INICIO                            00000034
INTCON                            0000000B
MPASM  5.51             T4_MOTOR_DE_PASSO.ASM   12-10-2021  12:47:29         PAGE  5


SYMBOL TABLE
  LABEL                             VALUE 

INTE                              00000004
INTEDG                            00000006
INTF                              00000001
IRP                               00000007
NOT_BO                            00000000
NOT_BOD                           00000000
NOT_BOR                           00000000
NOT_PD                            00000003
NOT_POR                           00000001
NOT_RBPU                          00000007
NOT_T1SYNC                        00000002
NOT_TO                            00000004
NUMBER_OF_TIMER                   00000025
OERR                              00000001
OPTION_REG                        00000081
OSCF                              00000003
PCL                               00000002
PCLATH                            0000000A
PCON                              0000008E
PEIE                              00000006
PIE1                              0000008C
PIR1                              0000000C
PORTA                             00000005
PORTB                             00000006
PR2                               00000092
PS0                               00000000
PS1                               00000001
PS2                               00000002
PSA                               00000003
RA0                               00000000
RA1                               00000001
RA2                               00000002
RA3                               00000003
RA4                               00000004
RA5                               00000005
RA6                               00000006
RA7                               00000007
RB0                               00000000
RB1                               00000001
RB2                               00000002
RB3                               00000003
RB4                               00000004
RB5                               00000005
RB6                               00000006
RB7                               00000007
RBIE                              00000003
RBIF                              00000000
RCIE                              00000005
RCIF                              00000005
RCREG                             0000001A
RCSTA                             00000018
RD                                00000000
ROTACAO_MOTOR                     00000013
MPASM  5.51             T4_MOTOR_DE_PASSO.ASM   12-10-2021  12:47:29         PAGE  6


SYMBOL TABLE
  LABEL                             VALUE 

RP0                               00000005
RP1                               00000006
RX9                               00000006
RX9D                              00000000
SPBRG                             00000099
SPEN                              00000007
SREN                              00000005
STATUS                            00000003
SYNC                              00000004
T0CS                              00000005
T0IE                              00000005
T0IF                              00000002
T0SE                              00000004
T1CKPS0                           00000004
T1CKPS1                           00000005
T1CON                             00000010
T1OSCEN                           00000003
T2CKPS0                           00000000
T2CKPS1                           00000001
T2CON                             00000012
TMR0                              00000001
TMR0IE                            00000005
TMR0IF                            00000002
TMR1                              0000000E
TMR1CS                            00000001
TMR1H                             0000000F
TMR1IE                            00000000
TMR1IF                            00000000
TMR1L                             0000000E
TMR1ON                            00000000
TMR2                              00000011
TMR2IE                            00000001
TMR2IF                            00000001
TMR2ON                            00000002
TOUTPS0                           00000003
TOUTPS1                           00000004
TOUTPS2                           00000005
TOUTPS3                           00000006
TRISA                             00000085
TRISA0                            00000000
TRISA1                            00000001
TRISA2                            00000002
TRISA3                            00000003
TRISA4                            00000004
TRISA5                            00000005
TRISA6                            00000006
TRISA7                            00000007
TRISB                             00000086
TRISB0                            00000000
TRISB1                            00000001
TRISB2                            00000002
TRISB3                            00000003
TRISB4                            00000004
MPASM  5.51             T4_MOTOR_DE_PASSO.ASM   12-10-2021  12:47:29         PAGE  7


SYMBOL TABLE
  LABEL                             VALUE 

TRISB5                            00000005
TRISB6                            00000006
TRISB7                            00000007
TRMT                              00000001
TX9                               00000006
TX9D                              00000000
TXEN                              00000005
TXIE                              00000004
TXIF                              00000004
TXREG                             00000019
TXSTA                             00000098
VR0                               00000000
VR1                               00000001
VR2                               00000002
VR3                               00000003
VRCON                             0000009F
VREN                              00000007
VROE                              00000006
VRR                               00000005
W                                 00000000
WR                                00000001
WREN                              00000002
WRERR                             00000003
Z                                 00000002
_BODEN_OFF                        00003FBF
_BODEN_ON                         00003FFF
_BOREN_OFF                        00003FBF
_BOREN_ON                         00003FFF
_CONFIG                           00002007
_CPD_OFF                          00003FFF
_CPD_ON                           00003EFF
_CP_OFF                           00003FFF
_CP_ON                            00001FFF
_DEVID1                           00002006
_ER_OSC_CLKOUT                    00003FFF
_ER_OSC_NOCLKOUT                  00003FFE
_EXTCLK_OSC                       00003FEF
_FOSC_ECIO                        00003FEF
_FOSC_EXTRCCLK                    00003FFF
_FOSC_EXTRCIO                     00003FFE
_FOSC_HS                          00003FEE
_FOSC_INTOSCCLK                   00003FFD
_FOSC_INTOSCIO                    00003FFC
_FOSC_LP                          00003FEC
_FOSC_XT                          00003FED
_HS_OSC                           00003FEE
_IDLOC0                           00002000
_IDLOC1                           00002001
_IDLOC2                           00002002
_IDLOC3                           00002003
_INTOSC_OSC_CLKOUT                00003FFD
_INTOSC_OSC_NOCLKOUT              00003FFC
_INTRC_OSC_CLKOUT                 00003FFD
MPASM  5.51             T4_MOTOR_DE_PASSO.ASM   12-10-2021  12:47:29         PAGE  8


SYMBOL TABLE
  LABEL                             VALUE 

_INTRC_OSC_NOCLKOUT               00003FFC
_LP_OSC                           00003FEC
_LVP_OFF                          00003F7F
_LVP_ON                           00003FFF
_MCLRE_OFF                        00003FDF
_MCLRE_ON                         00003FFF
_PWRTE_OFF                        00003FFF
_PWRTE_ON                         00003FF7
_RC_OSC_CLKOUT                    00003FFF
_RC_OSC_NOCLKOUT                  00003FFE
_WDTE_OFF                         00003FFB
_WDTE_ON                          00003FFF
_WDT_OFF                          00003FFB
_WDT_ON                           00003FFF
_XT_OSC                           00003FED
__16F628A                         00000001
__DEBUG                           1


MEMORY USAGE MAP ('X' = Used,  '-' = Unused)

0000 : X---XXXXXXXXXXXX XXXXXXXXXXXXXXXX XXXXXXXXXXXXXXXX XXXXXXXXXX------
2000 : -------X-------- ---------------- ---------------- ----------------

All other memory blocks unused.

Program Memory Words Used:    55
Program Memory Words Free:  1993


Errors   :     0
Warnings :     3 reported,     0 suppressed
Messages :     2 reported,     0 suppressed

